<?xml version="1.0" encoding="UTF-8"?>
<!-- Generated by org.testng.reporters.JUnitReportReporter -->
<testsuite skipped="0" hostname="siviwe-PC" name="test.TestController" tests="1" failures="0" timestamp="19 Jul 2017 12:43:38 GMT" time="2.696" errors="0">
  <testcase name="runCukes" time="2.696" classname="test.TestController"/>
</testsuite> <!-- test.TestController -->
